<?xml version="1.0" encoding="UTF-8"?>
<testng-results ignored="0" total="5" passed="5" failed="0" skipped="0">
  <reporter-output>
  </reporter-output>
  <suite started-at="2023-11-14T08:28:37 CST" name="Default suite" finished-at="2023-11-14T08:28:48 CST" duration-ms="11839">
    <groups>
    </groups>
    <test started-at="2023-11-14T08:28:37 CST" name="Default test" finished-at="2023-11-14T08:28:48 CST" duration-ms="11839">
      <class name="testCase.TestCase_01">
        <test-method is-config="true" signature="BeforeTest()[pri:0, instance:testCase.TestCase_01@6bbe85a8]" started-at="2023-11-14T08:28:37 CST" name="BeforeTest" finished-at="2023-11-14T08:28:40 CST" duration-ms="3625" status="PASS">
          <reporter-output>
          </reporter-output>
        </test-method> <!-- BeforeTest -->
        <test-method signature="ValidateMenu()[pri:0, instance:testCase.TestCase_01@6bbe85a8]" started-at="2023-11-14T08:28:40 CST" name="ValidateMenu" finished-at="2023-11-14T08:28:42 CST" duration-ms="1650" status="PASS">
          <reporter-output>
          </reporter-output>
        </test-method> <!-- ValidateMenu -->
        <test-method signature="WindowTab()[pri:1, instance:testCase.TestCase_01@6bbe85a8]" started-at="2023-11-14T08:28:42 CST" name="WindowTab" finished-at="2023-11-14T08:28:42 CST" duration-ms="475" status="PASS">
          <reporter-output>
          </reporter-output>
        </test-method> <!-- WindowTab -->
        <test-method signature="SearchVS()[pri:2, instance:testCase.TestCase_01@6bbe85a8]" started-at="2023-11-14T08:28:42 CST" name="SearchVS" finished-at="2023-11-14T08:28:44 CST" duration-ms="2049" status="PASS">
          <reporter-output>
          </reporter-output>
        </test-method> <!-- SearchVS -->
        <test-method signature="PricesValidation()[pri:3, instance:testCase.TestCase_01@6bbe85a8]" started-at="2023-11-14T08:28:44 CST" name="PricesValidation" finished-at="2023-11-14T08:28:45 CST" duration-ms="387" status="PASS">
          <reporter-output>
          </reporter-output>
        </test-method> <!-- PricesValidation -->
        <test-method signature="CartValidation()[pri:4, instance:testCase.TestCase_01@6bbe85a8]" started-at="2023-11-14T08:28:45 CST" name="CartValidation" finished-at="2023-11-14T08:28:48 CST" duration-ms="3630" status="PASS">
          <reporter-output>
          </reporter-output>
        </test-method> <!-- CartValidation -->
        <test-method is-config="true" signature="close()[pri:0, instance:testCase.TestCase_01@6bbe85a8]" started-at="2023-11-14T08:28:48 CST" name="close" finished-at="2023-11-14T08:28:48 CST" duration-ms="0" status="PASS">
          <reporter-output>
          </reporter-output>
        </test-method> <!-- close -->
      </class> <!-- testCase.TestCase_01 -->
    </test> <!-- Default test -->
  </suite> <!-- Default suite -->
</testng-results>
