<?xml version="1.0" encoding="UTF-8"?>
<!-- Generated by org.testng.reporters.JUnitXMLReporter -->
<testsuite ignored="0" hostname="AdrianPCGamer" failures="0" tests="5" name="Default test" time="11.839" errors="0" timestamp="2023-11-14T08:28:48 CST">
  <testcase classname="testCase.TestCase_01" name="ValidateMenu" time="1.65"/>
  <testcase classname="testCase.TestCase_01" name="WindowTab" time="0.475"/>
  <testcase classname="testCase.TestCase_01" name="SearchVS" time="2.049"/>
  <testcase classname="testCase.TestCase_01" name="PricesValidation" time="0.387"/>
  <testcase classname="testCase.TestCase_01" name="CartValidation" time="3.63"/>
</testsuite> <!-- Default test -->
